<?xml version="1.0" encoding="UTF-8"?>
<testsuite name="com.chatapp.realtimechat.RealtimeChatApplicationTests" tests="1" skipped="0" failures="0" errors="0" timestamp="2026-04-26T20:50:07.129Z" hostname="VIGNESH" time="13.505">
  <properties/>
  <testcase name="contextLoads()" classname="com.chatapp.realtimechat.RealtimeChatApplicationTests" time="0.534"/>
  <system-out><![CDATA[02:20:07.502 [Test worker] INFO org.springframework.test.context.support.AnnotationConfigContextLoaderUtils -- Could not detect default configuration classes for test class [com.chatapp.realtimechat.RealtimeChatApplicationTests]: RealtimeChatApplicationTests does not declare any static, non-private, non-final, nested classes annotated with @Configuration.
02:20:07.797 [Test worker] INFO org.springframework.boot.test.context.SpringBootTestContextBootstrapper -- Found @SpringBootConfiguration com.chatapp.realtimechat.RealtimeChatApplication for test class com.chatapp.realtimechat.RealtimeChatApplicationTests
02:20:08.134 [Test worker] INFO org.springframework.test.context.support.AnnotationConfigContextLoaderUtils -- Could not detect default configuration classes for test class [com.chatapp.realtimechat.RealtimeChatApplicationTests]: RealtimeChatApplicationTests does not declare any static, non-private, non-final, nested classes annotated with @Configuration.
02:20:08.136 [Test worker] INFO org.springframework.boot.test.context.SpringBootTestContextBootstrapper -- Found @SpringBootConfiguration com.chatapp.realtimechat.RealtimeChatApplication for test class com.chatapp.realtimechat.RealtimeChatApplicationTests

  .   ____          _            __ _ _
 /\\ / ___'_ __ _ _(_)_ __  __ _ \ \ \ \
( ( )\___ | '_ | '_| | '_ \/ _` | \ \ \ \
 \\/  ___)| |_)| | | | | || (_| |  ) ) ) )
  '  |____| .__|_| |_|_| |_\__, | / / / /
 =========|_|==============|___/=/_/_/_/

 :: Spring Boot ::                (v4.0.6)

2026-04-27T02:20:09.787+05:30  INFO 14096 --- [realtime-chat-backend] [    Test worker] c.c.r.RealtimeChatApplicationTests       : Starting RealtimeChatApplicationTests using Java 26 with PID 14096 (started by N.vignesh reddy in C:\Users\N.vignesh reddy\OneDrive\Documents\New project\real-time-chat-app\backend)
2026-04-27T02:20:09.792+05:30  INFO 14096 --- [realtime-chat-backend] [    Test worker] c.c.r.RealtimeChatApplicationTests       : The following 1 profile is active: "dev"
2026-04-27T02:20:11.697+05:30  INFO 14096 --- [realtime-chat-backend] [    Test worker] .s.d.r.c.RepositoryConfigurationDelegate : Bootstrapping Spring Data JPA repositories in DEFAULT mode.
2026-04-27T02:20:11.823+05:30  INFO 14096 --- [realtime-chat-backend] [    Test worker] .s.d.r.c.RepositoryConfigurationDelegate : Finished Spring Data repository scanning in 108 ms. Found 2 JPA repository interfaces.
2026-04-27T02:20:12.956+05:30  INFO 14096 --- [realtime-chat-backend] [    Test worker] org.hibernate.orm.jpa                    : HHH008540: Processing PersistenceUnitInfo [name: default]
2026-04-27T02:20:13.302+05:30  INFO 14096 --- [realtime-chat-backend] [    Test worker] org.hibernate.orm.core                   : HHH000001: Hibernate ORM core version 7.2.12.Final
2026-04-27T02:20:14.536+05:30  INFO 14096 --- [realtime-chat-backend] [    Test worker] o.s.o.j.p.SpringPersistenceUnitInfo      : No LoadTimeWeaver setup: ignoring JPA class transformer
2026-04-27T02:20:14.600+05:30  INFO 14096 --- [realtime-chat-backend] [    Test worker] com.zaxxer.hikari.HikariDataSource       : HikariPool-1 - Starting...
2026-04-27T02:20:14.939+05:30  INFO 14096 --- [realtime-chat-backend] [    Test worker] com.zaxxer.hikari.pool.HikariPool        : HikariPool-1 - Added connection conn0: url=jdbc:h2:mem:testdb user=SA
2026-04-27T02:20:14.942+05:30  INFO 14096 --- [realtime-chat-backend] [    Test worker] com.zaxxer.hikari.HikariDataSource       : HikariPool-1 - Start completed.
2026-04-27T02:20:15.090+05:30  INFO 14096 --- [realtime-chat-backend] [    Test worker] org.hibernate.orm.connections.pooling    : HHH10001005: Database info:
	Database JDBC URL [jdbc:h2:mem:testdb]
	Database driver: H2 JDBC Driver
	Database dialect: H2Dialect
	Database version: 2.4.240
	Default catalog/schema: TESTDB/PUBLIC
	Autocommit mode: undefined/unknown
	Isolation level: READ_COMMITTED [default READ_COMMITTED]
	JDBC fetch size: 100
	Pool: DataSourceConnectionProvider
	Minimum pool size: undefined/unknown
	Maximum pool size: undefined/unknown
2026-04-27T02:20:16.829+05:30  INFO 14096 --- [realtime-chat-backend] [    Test worker] org.hibernate.orm.core                   : HHH000489: No JTA platform available (set 'hibernate.transaction.jta.platform' to enable JTA platform integration)
2026-04-27T02:20:16.920+05:30  INFO 14096 --- [realtime-chat-backend] [    Test worker] j.LocalContainerEntityManagerFactoryBean : Initialized JPA EntityManagerFactory for persistence unit 'default'
2026-04-27T02:20:17.178+05:30  INFO 14096 --- [realtime-chat-backend] [    Test worker] o.s.d.j.r.query.QueryEnhancerFactories   : Hibernate is in classpath; If applicable, HQL parser will be used.
2026-04-27T02:20:20.057+05:30  INFO 14096 --- [realtime-chat-backend] [    Test worker] o.s.m.s.b.SimpleBrokerMessageHandler     : Starting...
2026-04-27T02:20:20.058+05:30  INFO 14096 --- [realtime-chat-backend] [    Test worker] o.s.m.s.b.SimpleBrokerMessageHandler     : BrokerAvailabilityEvent[available=true, SimpleBrokerMessageHandler [org.springframework.messaging.simp.broker.DefaultSubscriptionRegistry@4ba39ece]]
2026-04-27T02:20:20.059+05:30  INFO 14096 --- [realtime-chat-backend] [    Test worker] o.s.m.s.b.SimpleBrokerMessageHandler     : Started.
2026-04-27T02:20:20.078+05:30  INFO 14096 --- [realtime-chat-backend] [    Test worker] c.c.r.RealtimeChatApplicationTests       : Started RealtimeChatApplicationTests in 11.793 seconds (process running for 14.436)
]]></system-out>
  <system-err><![CDATA[Mockito is currently self-attaching to enable the inline-mock-maker. This will no longer work in future releases of the JDK. Please add Mockito as an agent to your build as described in Mockito's documentation: https://javadoc.io/doc/org.mockito/mockito-core/latest/org.mockito/org/mockito/Mockito.html#0.3
WARNING: A Java agent has been loaded dynamically (C:\Users\N.vignesh reddy\.gradle\caches\modules-2\files-2.1\net.bytebuddy\byte-buddy-agent\1.17.8\f09415827a71be7ed621c7bd02550678f28bc81c\byte-buddy-agent-1.17.8.jar)
WARNING: If a serviceability tool is in use, please run with -XX:+EnableDynamicAgentLoading to hide this warning
WARNING: If a serviceability tool is not in use, please run with -Djdk.instrument.traceUsage for more information
WARNING: Dynamic loading of agents will be disallowed by default in a future release
]]></system-err>
</testsuite>
